c:\github-mssql2019.allocation.dissector\vdidonet\vdidotnet\x64\release\vdidotnet.pch
c:\github-mssql2019.allocation.dissector\vdidonet\vdidotnet\x64\release\vc142.pdb
c:\github-mssql2019.allocation.dissector\vdidonet\vdidotnet\x64\release\stdafx.obj
c:\github-mssql2019.allocation.dissector\vdidonet\vdidotnet\x64\release\vdidotnet.obj
c:\github-mssql2019.allocation.dissector\vdidonet\vdidotnet\x64\release\assemblyinfo.obj
c:\github-mssql2019.allocation.dissector\vdidonet\vdidotnet\x64\release\.netframework,version=v4.0.assemblyattributes.obj
c:\github-mssql2019.allocation.dissector\vdidonet\x64\release\vdidotnet.dll
c:\github-mssql2019.allocation.dissector\vdidonet\x64\release\vdidotnet.pdb
c:\github-mssql2019.allocation.dissector\vdidonet\vdidotnet\x64\release\app.res
c:\github-mssql2019.allocation.dissector\vdidonet\vdidotnet\x64\release\vdidotnet.tlog\cl.command.1.tlog
c:\github-mssql2019.allocation.dissector\vdidonet\vdidotnet\x64\release\vdidotnet.tlog\cl.read.1.tlog
c:\github-mssql2019.allocation.dissector\vdidonet\vdidotnet\x64\release\vdidotnet.tlog\cl.write.1.tlog
c:\github-mssql2019.allocation.dissector\vdidonet\vdidotnet\x64\release\vdidotnet.tlog\link.command.1.tlog
c:\github-mssql2019.allocation.dissector\vdidonet\vdidotnet\x64\release\vdidotnet.tlog\link.read.1.tlog
c:\github-mssql2019.allocation.dissector\vdidonet\vdidotnet\x64\release\vdidotnet.tlog\link.write.1.tlog
c:\github-mssql2019.allocation.dissector\vdidonet\vdidotnet\x64\release\vdidotnet.tlog\metagen.read.1.tlog
c:\github-mssql2019.allocation.dissector\vdidonet\vdidotnet\x64\release\vdidotnet.tlog\metagen.write.1.tlog
c:\github-mssql2019.allocation.dissector\vdidonet\vdidotnet\x64\release\vdidotnet.tlog\rc.command.1.tlog
c:\github-mssql2019.allocation.dissector\vdidonet\vdidotnet\x64\release\vdidotnet.tlog\rc.read.1.tlog
c:\github-mssql2019.allocation.dissector\vdidonet\vdidotnet\x64\release\vdidotnet.tlog\rc.write.1.tlog
