c:\github-mssql2019.allocation.dissector\vdidonet\vdidotnet\x64\debug\vdidotnet.pch
c:\github-mssql2019.allocation.dissector\vdidonet\vdidotnet\x64\debug\vc142.pdb
c:\github-mssql2019.allocation.dissector\vdidonet\vdidotnet\x64\debug\stdafx.obj
c:\github-mssql2019.allocation.dissector\vdidonet\vdidotnet\x64\debug\vdidotnet.obj
c:\github-mssql2019.allocation.dissector\vdidonet\vdidotnet\x64\debug\assemblyinfo.obj
c:\github-mssql2019.allocation.dissector\vdidonet\vdidotnet\x64\debug\.netframework,version=v4.0.assemblyattributes.obj
c:\github-mssql2019.allocation.dissector\vdidonet\x64\debug\vdidotnet.dll
c:\github-mssql2019.allocation.dissector\vdidonet\x64\debug\vdidotnet.pdb
c:\github-mssql2019.allocation.dissector\vdidonet\vdidotnet\x64\debug\app.res
c:\github-mssql2019.allocation.dissector\vdidonet\vdidotnet\x64\debug\vdidotnet.tlog\cl.command.1.tlog
c:\github-mssql2019.allocation.dissector\vdidonet\vdidotnet\x64\debug\vdidotnet.tlog\cl.read.1.tlog
c:\github-mssql2019.allocation.dissector\vdidonet\vdidotnet\x64\debug\vdidotnet.tlog\cl.write.1.tlog
c:\github-mssql2019.allocation.dissector\vdidonet\vdidotnet\x64\debug\vdidotnet.tlog\link.command.1.tlog
c:\github-mssql2019.allocation.dissector\vdidonet\vdidotnet\x64\debug\vdidotnet.tlog\link.read.1.tlog
c:\github-mssql2019.allocation.dissector\vdidonet\vdidotnet\x64\debug\vdidotnet.tlog\link.write.1.tlog
c:\github-mssql2019.allocation.dissector\vdidonet\vdidotnet\x64\debug\vdidotnet.tlog\metagen.read.1.tlog
c:\github-mssql2019.allocation.dissector\vdidonet\vdidotnet\x64\debug\vdidotnet.tlog\metagen.write.1.tlog
c:\github-mssql2019.allocation.dissector\vdidonet\vdidotnet\x64\debug\vdidotnet.tlog\rc.command.1.tlog
c:\github-mssql2019.allocation.dissector\vdidonet\vdidotnet\x64\debug\vdidotnet.tlog\rc.read.1.tlog
c:\github-mssql2019.allocation.dissector\vdidonet\vdidotnet\x64\debug\vdidotnet.tlog\rc.write.1.tlog
